<?xml version="1.0" encoding="UTF-8"?>
<!-- Generated by org.testng.reporters.JUnitReportReporter -->
<testsuite skipped="0" hostname="DESKTOP-7HNKN0S" name="GoogleSearch" tests="1" failures="0" timestamp="23 May 2020 07:56:01 GMT" time="14.204" errors="0">
  <testcase name="GoogleSearch" time="14.204" classname="GoogleSearch"/>
</testsuite> <!-- GoogleSearch -->
