<?xml version="1.0" encoding="UTF-8"?>
<!-- Generated by org.testng.reporters.JUnitReportReporter -->
<testsuite skipped="0" hostname="DESKTOP-7HNKN0S" name="GoogleSearch" tests="1" failures="0" timestamp="31 May 2020 19:16:58 GMT" time="11.561" errors="0">
  <testcase name="GoogleSearch" time="11.561" classname="GoogleSearch"/>
</testsuite> <!-- GoogleSearch -->
